AndroidAdvance2/app/build/intermediates/manifest_merge_blame_file/debug/manifest-merger-blame-debug-report.txt
1<?xml version="1.0" encoding="utf-8"?>
2<manifest xmlns:android="http://schemas.android.com/apk/res/android"
3    package="com.example.androidadvance2"
4    android:versionCode="1"
5    android:versionName="1.0" >
6
7    <uses-sdk
8        android:minSdkVersion="19"
8-->src\main\AndroidManifest.xml
9        android:targetSdkVersion="29" />
9-->src\main\AndroidManifest.xml
10
11    <uses-permission android:name="android.permission.READ_EXTERNAL_STORAGE" />
11-->src\main\AndroidManifest.xml:5:5-80
11-->src\main\AndroidManifest.xml:5:22-77
12
13    <application
13-->src\main\AndroidManifest.xml:7:5-34:19
14        android:name="com.example.androidadvance2.App"
14-->src\main\AndroidManifest.xml:8:9-28
15        android:allowBackup="true"
15-->src\main\AndroidManifest.xml:9:9-35
16        android:appComponentFactory="androidx.core.app.CoreComponentFactory"
16-->[androidx.core:core:1.1.0] AndroidManifest.xml:24:18-86
17        android:debuggable="true"
18        android:icon="@mipmap/ic_launcher"
18-->src\main\AndroidManifest.xml:10:9-43
19        android:label="@string/app_name"
19-->src\main\AndroidManifest.xml:11:9-41
20        android:roundIcon="@mipmap/ic_launcher_round"
20-->src\main\AndroidManifest.xml:12:9-54
21        android:supportsRtl="true"
21-->src\main\AndroidManifest.xml:13:9-35
22        android:testOnly="true"
23        android:theme="@style/AppTheme" >
23-->src\main\AndroidManifest.xml:14:9-40
24        <service android:name="com.example.androidadvance2.MyMediaPlayer" />
24-->src\main\AndroidManifest.xml:15:9-49
24-->src\main\AndroidManifest.xml:15:18-47
25
26        <receiver
26-->src\main\AndroidManifest.xml:16:9-24:20
27            android:name="com.example.androidadvance2.MyBroadcastReceiver"
27-->src\main\AndroidManifest.xml:17:13-48
28            android:exported="true" >
28-->src\main\AndroidManifest.xml:18:13-36
29            <intent-filter>
29-->src\main\AndroidManifest.xml:19:13-23:29
30                <action android:name="android.intent.action.BOOT_COMPLETED" />
30-->src\main\AndroidManifest.xml:20:17-79
30-->src\main\AndroidManifest.xml:20:25-76
31                <action android:name="android.intent.action.BATTERY_LOW" />
31-->src\main\AndroidManifest.xml:21:17-76
31-->src\main\AndroidManifest.xml:21:25-73
32                <action android:name="android.intent.action.INPUT_METHOD_CHANGED" />
32-->src\main\AndroidManifest.xml:22:17-85
32-->src\main\AndroidManifest.xml:22:25-82
33            </intent-filter>
34        </receiver>
35
36        <activity android:name="com.example.androidadvance2.BottomSheet" />
36-->src\main\AndroidManifest.xml:25:9-58
36-->src\main\AndroidManifest.xml:25:19-46
37        <activity android:name="com.example.androidadvance2.MainActivity" />
37-->src\main\AndroidManifest.xml:26:9-50
37-->src\main\AndroidManifest.xml:26:19-47
38        <activity android:name="com.example.androidadvance2.SplashActivity" >
38-->src\main\AndroidManifest.xml:27:9-33:20
38-->src\main\AndroidManifest.xml:27:19-49
39            <intent-filter>
39-->src\main\AndroidManifest.xml:28:13-32:29
40                <action android:name="android.intent.action.MAIN" />
40-->src\main\AndroidManifest.xml:29:17-69
40-->src\main\AndroidManifest.xml:29:25-66
41
42                <category android:name="android.intent.category.LAUNCHER" />
42-->src\main\AndroidManifest.xml:31:17-77
42-->src\main\AndroidManifest.xml:31:27-74
43            </intent-filter>
44        </activity>
45    </application>
46
47</manifest>